<?xml version="1.0" encoding="UTF-8"?>
<!-- Generated by org.testng.reporters.JUnitReportReporter -->
<testsuite hostname="JKGUPTA" failures="0" tests="1" name="extentReports.CreateReport" time="4.647" errors="0" timestamp="2024-04-25T14:24:38 IST" skipped="0">
  <testcase classname="extentReports.CreateReport" name="demo" time="4.647"/>
</testsuite> <!-- extentReports.CreateReport -->
