<?xml version="1.0" encoding="UTF-8"?>
<!-- Generated by org.testng.reporters.JUnitReportReporter -->
<testsuite hostname="JKGUPTA" failures="0" tests="1" name="config2.Day4" time="0.003" errors="0" timestamp="2024-04-04T16:37:32 IST" skipped="0">
  <testcase classname="config2.Day4" name="webbikeloan" time="0.003"/>
</testsuite> <!-- config2.Day4 -->
