<?xml version="1.0" encoding="UTF-8"?>
<!-- Generated by org.testng.reporters.JUnitReportReporter -->
<testsuite hostname="JKGUPTA" failures="0" tests="6" name="annotaion_Helper_Attributes.dataProvider" time="0.015" errors="0" timestamp="2024-04-05T12:51:56 IST" skipped="0">
  <testcase classname="annotaion_Helper_Attributes.dataProvider" name="mobilecarloan" time="0.001"/>
  <testcase classname="annotaion_Helper_Attributes.dataProvider" name="mobilecarloan" time="0.001"/>
  <testcase classname="annotaion_Helper_Attributes.dataProvider" name="mobilecarloan" time="0.002"/>
  <testcase classname="annotaion_Helper_Attributes.dataProvider" name="apicarloan" time="0.009"/>
  <testcase classname="annotaion_Helper_Attributes.dataProvider" name="webcarloan" time="0.001"/>
  <testcase classname="annotaion_Helper_Attributes.dataProvider" name="mobilecarloan" time="0.001"/>
</testsuite> <!-- annotaion_Helper_Attributes.dataProvider -->
