<?xml version="1.0" encoding="UTF-8"?>
<!-- Generated by org.testng.reporters.JUnitReportReporter -->
<testsuite hostname="JKGUPTA" failures="0" tests="3" name="parameterization.Parameters1" time="0.020" errors="0" timestamp="2024-04-04T23:59:30 IST" skipped="0">
  <testcase classname="parameterization.Parameters1" name="apicarloan" time="0.016"/>
  <testcase classname="parameterization.Parameters1" name="mobilecarloan" time="0.002"/>
  <testcase classname="parameterization.Parameters1" name="webcarloan" time="0.002"/>
</testsuite> <!-- parameterization.Parameters1 -->
