<?xml version="1.0" encoding="UTF-8"?>
<!-- Generated by org.testng.reporters.JUnitReportReporter -->
<testsuite hostname="JKGUPTA" failures="0" tests="7" name="annotaion_Helper_Attributes.timeout" time="0.023" errors="0" timestamp="2024-04-04T18:09:21 IST" skipped="0">
  <testcase classname="annotaion_Helper_Attributes.timeout" name="apicarloan" time="0.009"/>
  <testcase classname="annotaion_Helper_Attributes.timeout" name="mobilecarloan" time="0.002"/>
  <testcase classname="annotaion_Helper_Attributes.timeout" name="mobilecarloan" time="0.006"/>
  <testcase classname="annotaion_Helper_Attributes.timeout" name="mobilecarloan" time="0.001"/>
  <testcase classname="annotaion_Helper_Attributes.timeout" name="mobilecarloan" time="0.002"/>
  <testcase classname="annotaion_Helper_Attributes.timeout" name="webcarloan" time="0.001"/>
  <testcase classname="annotaion_Helper_Attributes.timeout" name="mobilecarloan" time="0.002"/>
</testsuite> <!-- annotaion_Helper_Attributes.timeout -->
