<?xml version="1.0" encoding="UTF-8"?>
<!-- Generated by org.testng.reporters.JUnitReportReporter -->
<testsuite hostname="JKGUPTA" failures="0" tests="1" name="config1.Day1" time="0.009" errors="0" timestamp="2024-04-04T16:35:40 IST" skipped="0">
  <testcase classname="config1.Day1" name="webhomeloan" time="0.009"/>
</testsuite> <!-- config1.Day1 -->
