<?xml version="1.0" encoding="UTF-8"?>
<!-- Generated by org.testng.reporters.JUnitReportReporter -->
<testsuite hostname="JKGUPTA" failures="0" tests="6" name="annotaion_Helper_Attributes.Data_Provider" time="0.019" errors="0" timestamp="2024-04-05T18:24:51 IST" skipped="0">
  <testcase classname="annotaion_Helper_Attributes.Data_Provider" name="mobilecarloan" time="0.002"/>
  <testcase classname="annotaion_Helper_Attributes.Data_Provider" name="mobilecarloan" time="0.003"/>
  <testcase classname="annotaion_Helper_Attributes.Data_Provider" name="mobilecarloan" time="0.002"/>
  <testcase classname="annotaion_Helper_Attributes.Data_Provider" name="apicarloan" time="0.009"/>
  <testcase classname="annotaion_Helper_Attributes.Data_Provider" name="webcarloan" time="0.002"/>
  <testcase classname="annotaion_Helper_Attributes.Data_Provider" name="mobilecarloan" time="0.001"/>
</testsuite> <!-- annotaion_Helper_Attributes.Data_Provider -->
