<?xml version="1.0" encoding="UTF-8"?>
<!-- Generated by org.testng.reporters.JUnitReportReporter -->
<testsuite hostname="JKGUPTA" failures="0" tests="3" name="annotaion_Helper_Attributes.dependsOnMethods" time="0.017" errors="0" timestamp="2024-04-04T17:43:35 IST" skipped="0">
  <testcase classname="annotaion_Helper_Attributes.dependsOnMethods" name="webcarloan" time="0.013"/>
  <testcase classname="annotaion_Helper_Attributes.dependsOnMethods" name="mobilecarloan" time="0.002"/>
  <testcase classname="annotaion_Helper_Attributes.dependsOnMethods" name="apicarloan" time="0.002"/>
</testsuite> <!-- annotaion_Helper_Attributes.dependsOnMethods -->
