<?xml version="1.0" encoding="UTF-8"?>
<!-- Generated by org.testng.reporters.JUnitReportReporter -->
<testsuite hostname="JKGUPTA" failures="0" tests="1" name="config1.Day2" time="0.017" errors="0" timestamp="2024-04-04T16:37:32 IST" skipped="0">
  <testcase classname="config1.Day2" name="webcarloan" time="0.017"/>
</testsuite> <!-- config1.Day2 -->
