<?xml version="1.0" encoding="UTF-8"?>
<!-- Generated by org.testng.reporters.JUnitReportReporter -->
<testsuite hostname="JKGUPTA" failures="0" tests="1" name="extentReports.createreport2" time="11.869" errors="0" timestamp="2024-04-25T14:42:18 IST" skipped="0">
  <testcase classname="extentReports.createreport2" name="login" time="11.869"/>
</testsuite> <!-- extentReports.createreport2 -->
