<?xml version="1.0" encoding="UTF-8"?>
<!-- Generated by org.testng.reporters.JUnitReportReporter -->
<testsuite hostname="JKGUPTA" failures="0" tests="3" name="parameterization.Parameters" time="0.015" errors="0" timestamp="2024-04-04T22:04:37 IST" skipped="0">
  <testcase classname="parameterization.Parameters" name="webcarloan" time="0.001"/>
  <testcase classname="parameterization.Parameters" name="apicarloan" time="0.012"/>
  <testcase classname="parameterization.Parameters" name="mobilecarloan" time="0.002"/>
</testsuite> <!-- parameterization.Parameters -->
