<?xml version="1.0" encoding="UTF-8"?>
<!-- Generated by org.testng.reporters.JUnitReportReporter -->
<testsuite hostname="JKGUPTA" failures="0" tests="3" name="annotaion_Helper_Attributes.enabled" time="0.014" errors="0" timestamp="2024-04-04T18:04:39 IST" skipped="0">
  <testcase classname="annotaion_Helper_Attributes.enabled" name="mobilecarloan" time="0.008"/>
  <testcase classname="annotaion_Helper_Attributes.enabled" name="apicarloan" time="0.005"/>
  <testcase classname="annotaion_Helper_Attributes.enabled" name="webcarloan" time="0.001"/>
</testsuite> <!-- annotaion_Helper_Attributes.enabled -->
