<?xml version="1.0" encoding="UTF-8"?>
<!-- Generated by org.testng.reporters.JUnitReportReporter -->
<testsuite hostname="JKGUPTA" failures="0" tests="3" name="parameterization.Parameters2" time="0.005" errors="0" timestamp="2024-04-04T23:59:30 IST" skipped="0">
  <testcase classname="parameterization.Parameters2" name="apihomeloan" time="0.002"/>
  <testcase classname="parameterization.Parameters2" name="webhomeloan" time="0.001"/>
  <testcase classname="parameterization.Parameters2" name="mobilehomeloan" time="0.002"/>
</testsuite> <!-- parameterization.Parameters2 -->
