<?xml version="1.0" encoding="UTF-8"?>
<!-- Generated by org.testng.reporters.JUnitReportReporter -->
<testsuite hostname="JKGUPTA" failures="0" tests="2" name="config.AppUtil" time="1.936" errors="0" timestamp="2024-04-03T12:47:31 IST" skipped="0">
  <testcase classname="config.AppUtil" name="clickonlogin" time="1.826"/>
  <testcase classname="config.AppUtil" name="clickRegistrationButton" time="0.110"/>
</testsuite> <!-- config.AppUtil -->
