<?xml version="1.0" encoding="UTF-8"?>
<!-- Generated by org.testng.reporters.JUnitReportReporter -->
<testsuite hostname="JKGUPTA" failures="0" tests="2" name="config.AppUtil" time="2.395" errors="0" timestamp="2024-04-01T17:33:54 IST" skipped="0">
  <testcase classname="config.AppUtil" name="clickonlogin" time="2.272"/>
  <testcase classname="config.AppUtil" name="clickRegistrationButton" time="0.123"/>
</testsuite> <!-- config.AppUtil -->
