<?xml version="1.0" encoding="UTF-8"?>
<!-- Generated by org.testng.reporters.JUnitReportReporter -->
<testsuite hostname="JKGUPTA" failures="0" tests="2" name="config.Forgotcredentials" time="2.000" errors="0" timestamp="2024-04-03T12:47:49 IST" skipped="0">
  <testcase classname="config.Forgotcredentials" name="clickonlogin" time="1.055"/>
  <testcase classname="config.Forgotcredentials" name="clickRegistrationButton" time="0.945"/>
</testsuite> <!-- config.Forgotcredentials -->
