<?xml version="1.0" encoding="UTF-8"?>
<!-- Generated by org.testng.reporters.JUnitReportReporter -->
<testsuite hostname="JKGUPTA" failures="0" tests="1" name="testComponents.BaseClass" time="3.415" errors="0" timestamp="2024-06-06T12:20:29 IST" skipped="0">
  <testcase classname="testComponents.BaseClass" name="launchBrowser" time="3.415"/>
</testsuite> <!-- testComponents.BaseClass -->
