<?xml version="1.0" encoding="UTF-8"?>
<!-- Generated by org.testng.reporters.JUnitReportReporter -->
<testsuite hostname="JKGUPTA" failures="0" tests="1" name="standAlone_Test.Test2" time="20.627" errors="0" timestamp="2024-06-06T22:20:00 IST" skipped="0">
  <testcase classname="standAlone_Test.Test2" name="submitOrder" time="20.627"/>
</testsuite> <!-- standAlone_Test.Test2 -->
