<?xml version="1.0" encoding="UTF-8"?>
<!-- Generated by org.testng.reporters.JUnitReportReporter -->
<testsuite hostname="JKGUPTA" failures="0" tests="1" name="browser_Options.Capture_Weblement_Screenshot" time="0.010" errors="0" timestamp="2024-04-03T12:43:00 IST" skipped="0">
  <testcase classname="browser_Options.Capture_Weblement_Screenshot" name="testng" time="0.010"/>
</testsuite> <!-- browser_Options.Capture_Weblement_Screenshot -->
