<?xml version="1.0" encoding="UTF-8"?>
<!-- Generated by org.testng.reporters.JUnitReportReporter -->
<testsuite hostname="JKGUPTA" failures="0" tests="1" name="com.Ecommerce.UtilityClass.ExcelLibrary" time="0.025" errors="0" timestamp="2024-05-29T12:21:12 IST" skipped="0">
  <testcase classname="com.Ecommerce.UtilityClass.ExcelLibrary" name="readExcel" time="0.025"/>
</testsuite> <!-- com.Ecommerce.UtilityClass.ExcelLibrary -->
