<?xml version="1.0" encoding="UTF-8"?>
<!-- Generated by org.testng.reporters.JUnitReportReporter -->
<testsuite hostname="JKGUPTA" failures="0" tests="1" name="com.Ecommerce.BaseClass.BaseClass" time="6.386" errors="0" timestamp="2024-05-17T22:27:33 IST" skipped="0">
  <testcase classname="com.Ecommerce.BaseClass.BaseClass" name="launchapp" time="6.386"/>
</testsuite> <!-- com.Ecommerce.BaseClass.BaseClass -->
