<?xml version="1.0" encoding="UTF-8"?>
<!-- Generated by org.testng.reporters.JUnitReportReporter -->
<testsuite hostname="JKGUPTA" failures="0" tests="5" name="com.Ecommerce.TestCases.LoginPageTestCases" time="26.939" errors="0" timestamp="2024-05-31T11:23:09 IST" skipped="0">
  <testcase classname="com.Ecommerce.TestCases.LoginPageTestCases" name="verifyLoginTest" time="4.486"/>
  <testcase classname="com.Ecommerce.TestCases.LoginPageTestCases" name="verifyLoginTest" time="4.122"/>
  <testcase classname="com.Ecommerce.TestCases.LoginPageTestCases" name="verifyLoginTest" time="10.138"/>
  <testcase classname="com.Ecommerce.TestCases.LoginPageTestCases" name="verifyLoginTest" time="4.156"/>
  <testcase classname="com.Ecommerce.TestCases.LoginPageTestCases" name="verifyLoginTest" time="4.037"/>
</testsuite> <!-- com.Ecommerce.TestCases.LoginPageTestCases -->
