<?xml version="1.0" encoding="UTF-8"?>
<!-- Generated by org.testng.reporters.JUnitReportReporter -->
<testsuite hostname="JKGUPTA" failures="0" tests="1" name="com.Ecommerce.TestCases.LoginPageTestCases" time="2.786" errors="0" timestamp="2024-05-24T10:52:19 IST" skipped="0">
  <testcase classname="com.Ecommerce.TestCases.LoginPageTestCases" name="verifylogin" time="2.786"/>
</testsuite> <!-- com.Ecommerce.TestCases.LoginPageTestCases -->
