<?xml version="1.0" encoding="UTF-8"?>
<!-- Generated by org.testng.reporters.JUnitReportReporter -->
<testsuite hostname="JKGUPTA" failures="0" tests="1" name="com.Ecommerce.TestCases.ConfirmationPageTest" time="8.903" errors="0" timestamp="2024-05-31T11:23:09 IST" skipped="0">
  <testcase classname="com.Ecommerce.TestCases.ConfirmationPageTest" name="orderPageTest" time="8.903"/>
</testsuite> <!-- com.Ecommerce.TestCases.ConfirmationPageTest -->
