<?xml version="1.0" encoding="UTF-8"?>
<!-- Generated by org.testng.reporters.JUnitReportReporter -->
<testsuite hostname="JKGUPTA" failures="0" tests="1" name="com.Ecommerce.BaseClass.test2" time="0.901" errors="0" timestamp="2024-05-29T11:36:47 IST" skipped="0">
  <testcase classname="com.Ecommerce.BaseClass.test2" name="readExcel" time="0.901"/>
</testsuite> <!-- com.Ecommerce.BaseClass.test2 -->
